<?xml version="1.0" encoding="UTF-8"?>
<coverage generated="1708402979763" clover="3.2.0">
  <project timestamp="1708402979764" name="All files">
    <metrics statements="22" coveredstatements="22" conditionals="2" coveredconditionals="2" methods="4" coveredmethods="4" elements="28" coveredelements="28" complexity="0" loc="22" ncloc="22" packages="1" files="3" classes="3"/>
    <file name="testCase1.js" path="/Users/dicko/Desktop/TestCode/testCase1.js">
      <metrics statements="9" coveredstatements="9" conditionals="0" coveredconditionals="0" methods="1" coveredmethods="1"/>
      <line num="2" count="3" type="stmt"/>
      <line num="3" count="3" type="stmt"/>
      <line num="4" count="3" type="stmt"/>
      <line num="6" count="3" type="stmt"/>
      <line num="7" count="6" type="stmt"/>
      <line num="8" count="24" type="stmt"/>
      <line num="9" count="24" type="stmt"/>
      <line num="11" count="6" type="stmt"/>
      <line num="13" count="3" type="stmt"/>
    </file>
    <file name="testCase3.js" path="/Users/dicko/Desktop/TestCode/testCase3.js">
      <metrics statements="4" coveredstatements="4" conditionals="0" coveredconditionals="0" methods="1" coveredmethods="1"/>
      <line num="2" count="3" type="stmt"/>
      <line num="4" count="3" type="stmt"/>
      <line num="5" count="27" type="stmt"/>
      <line num="7" count="3" type="stmt"/>
    </file>
    <file name="testCase5.js" path="/Users/dicko/Desktop/TestCode/testCase5.js">
      <metrics statements="9" coveredstatements="9" conditionals="2" coveredconditionals="2" methods="2" coveredmethods="2"/>
      <line num="1" count="1" type="stmt"/>
      <line num="13" count="1" type="stmt"/>
      <line num="23" count="2" type="stmt"/>
      <line num="29" count="2" type="stmt"/>
      <line num="31" count="6" type="stmt"/>
      <line num="32" count="6" type="cond" truecount="2" falsecount="0"/>
      <line num="35" count="2" type="stmt"/>
      <line num="42" count="1" type="stmt"/>
      <line num="46" count="1" type="stmt"/>
    </file>
  </project>
</coverage>
