{"/Users/dicko/Desktop/TestCode/testCase1.js": {"path":"/Users/dicko/Desktop/TestCode/testCase1.js","statementMap":{"0":{"start":{"line":2,"column":12},"end":{"line":2,"column":13}},"1":{"start":{"line":3,"column":16},"end":{"line":3,"column":17}},"2":{"start":{"line":4,"column":18},"end":{"line":4,"column":19}},"3":{"start":{"line":6,"column":2},"end":{"line":12,"column":3}},"4":{"start":{"line":6,"column":15},"end":{"line":6,"column":16}},"5":{"start":{"line":7,"column":4},"end":{"line":10,"column":5}},"6":{"start":{"line":7,"column":17},"end":{"line":7,"column":18}},"7":{"start":{"line":8,"column":6},"end":{"line":8,"column":27}},"8":{"start":{"line":9,"column":6},"end":{"line":9,"column":21}},"9":{"start":{"line":11,"column":4},"end":{"line":11,"column":19}},"10":{"start":{"line":13,"column":2},"end":{"line":13,"column":13}}},"fnMap":{"0":{"name":"calculate_diagonal_sum","decl":{"start":{"line":1,"column":9},"end":{"line":1,"column":31}},"loc":{"start":{"line":1,"column":43},"end":{"line":14,"column":1}},"line":1}},"branchMap":{},"s":{"0":3,"1":3,"2":3,"3":3,"4":3,"5":6,"6":6,"7":24,"8":24,"9":6,"10":3},"f":{"0":3},"b":{},"_coverageSchema":"1a1c01bbd47fc00a2c39e90264f33305004495a9","hash":"6da30ee06f3b9ae816a7ded18e86278301cc5ba5"}
,"/Users/dicko/Desktop/TestCode/testCase3.js": {"path":"/Users/dicko/Desktop/TestCode/testCase3.js","statementMap":{"0":{"start":{"line":2,"column":13},"end":{"line":2,"column":15}},"1":{"start":{"line":4,"column":2},"end":{"line":6,"column":3}},"2":{"start":{"line":4,"column":15},"end":{"line":4,"column":30}},"3":{"start":{"line":5,"column":4},"end":{"line":5,"column":26}},"4":{"start":{"line":7,"column":2},"end":{"line":7,"column":51}}},"fnMap":{"0":{"name":"isCircularPalindrome","decl":{"start":{"line":1,"column":9},"end":{"line":1,"column":29}},"loc":{"start":{"line":1,"column":36},"end":{"line":8,"column":1}},"line":1}},"branchMap":{},"s":{"0":3,"1":3,"2":3,"3":27,"4":3},"f":{"0":3},"b":{},"_coverageSchema":"1a1c01bbd47fc00a2c39e90264f33305004495a9","hash":"131c264fc70e8bb0a22a1e45434abfb01d0657ff"}
,"/Users/dicko/Desktop/TestCode/testCase5.js": {"path":"/Users/dicko/Desktop/TestCode/testCase5.js","statementMap":{"0":{"start":{"line":1,"column":23},"end":{"line":11,"column":1}},"1":{"start":{"line":13,"column":21},"end":{"line":20,"column":1}},"2":{"start":{"line":23,"column":21},"end":{"line":26,"column":3}},"3":{"start":{"line":29,"column":24},"end":{"line":33,"column":4}},"4":{"start":{"line":31,"column":4},"end":{"line":31,"column":22}},"5":{"start":{"line":32,"column":4},"end":{"line":32,"column":42}},"6":{"start":{"line":35,"column":2},"end":{"line":35,"column":23}},"7":{"start":{"line":42,"column":15},"end":{"line":42,"column":86}},"8":{"start":{"line":46,"column":0},"end":{"line":46,"column":41}}},"fnMap":{"0":{"name":"DecryptingEmojiCode","decl":{"start":{"line":22,"column":9},"end":{"line":22,"column":28}},"loc":{"start":{"line":22,"column":35},"end":{"line":36,"column":1}},"line":22},"1":{"name":"(anonymous_1)","decl":{"start":{"line":29,"column":49},"end":{"line":29,"column":50}},"loc":{"start":{"line":29,"column":60},"end":{"line":33,"column":3}},"line":29}},"branchMap":{"0":{"loc":{"start":{"line":32,"column":11},"end":{"line":32,"column":41}},"type":"binary-expr","locations":[{"start":{"line":32,"column":11},"end":{"line":32,"column":32}},{"start":{"line":32,"column":36},"end":{"line":32,"column":41}}],"line":32}},"s":{"0":1,"1":1,"2":2,"3":2,"4":6,"5":6,"6":2,"7":1,"8":1},"f":{"0":2,"1":6},"b":{"0":[6,4]},"_coverageSchema":"1a1c01bbd47fc00a2c39e90264f33305004495a9","hash":"e29b93e773402aeaa04786d50cf4ab6d298f54db"}
}
