TN:
SF:testCase1.js
FN:1,calculate_diagonal_sum
FNF:1
FNH:1
FNDA:3,calculate_diagonal_sum
DA:2,3
DA:3,3
DA:4,3
DA:6,3
DA:7,6
DA:8,24
DA:9,24
DA:11,6
DA:13,3
LF:9
LH:9
BRF:0
BRH:0
end_of_record
TN:
SF:testCase3.js
FN:1,isCircularPalindrome
FNF:1
FNH:1
FNDA:3,isCircularPalindrome
DA:2,3
DA:4,3
DA:5,27
DA:7,3
LF:4
LH:4
BRF:0
BRH:0
end_of_record
TN:
SF:testCase5.js
FN:22,DecryptingEmojiCode
FN:29,(anonymous_1)
FNF:2
FNH:2
FNDA:2,DecryptingEmojiCode
FNDA:6,(anonymous_1)
DA:1,1
DA:13,1
DA:23,2
DA:29,2
DA:31,6
DA:32,6
DA:35,2
DA:42,1
DA:46,1
LF:9
LH:9
BRDA:32,0,0,6
BRDA:32,0,1,4
BRF:2
BRH:2
end_of_record
